GAS LISTING /tmp/ccdCOy7N.s 			page 1


   1              		.file	"main.cpp"
   2              		.option pic
   3              		.option norelax
   4              		.text
   5              	.Ltext0:
   6              		.align	2
   7              		.globl	main
   9              	main:
  10              	.LFB16:
  11              		.file 1 "src/main.cpp"
   1:src/main.cpp  **** #include "../lib/console.h"
   2:src/main.cpp  **** #include "../lib/hw.h"
   3:src/main.cpp  **** #include "../h/syscall_c.h"
   4:src/main.cpp  **** #include "../h/Scheduler.hpp"
   5:src/main.cpp  **** #include "../h/MemoryAllocator.hpp"
   6:src/main.cpp  **** #include "../h/riscv.hpp"
   7:src/main.cpp  **** #include "../test/printing.hpp"
   8:src/main.cpp  **** 
   9:src/main.cpp  **** void userMain();
  10:src/main.cpp  **** 
  11:src/main.cpp  **** void vectorMode();
  12:src/main.cpp  **** void main(){
  12              		.loc 1 12 12
  13              		.cfi_startproc
  14              		.cfi_personality 0x9b,DW.ref.__gxx_personality_v0
  15              		.cfi_lsda 0x1b,.LLSDA16
  16 0000 130101FD 		addi	sp,sp,-48
  17              		.cfi_def_cfa_offset 48
  18 0004 23341102 		sd	ra,40(sp)
  19 0008 23308102 		sd	s0,32(sp)
  20 000c 233C9100 		sd	s1,24(sp)
  21              		.cfi_offset 1, -8
  22              		.cfi_offset 8, -16
  23              		.cfi_offset 9, -24
  24 0010 13040103 		addi	s0,sp,48
  25              		.cfi_def_cfa 8, 0
  13:src/main.cpp  ****     vectorMode();
  26              		.loc 1 13 5
  27              	.LEHB0:
  28              		.loc 1 13 15 is_stmt 0
  29 0014 97000000 		call	_Z10vectorModev@plt
  29      E7800000 
  30              	.LVL0:
  14:src/main.cpp  ****     TCB* nit;
  31              		.loc 1 14 5 is_stmt 1
  15:src/main.cpp  ****     //idle nit
  16:src/main.cpp  ****     thread_create(&nit, nullptr, nullptr);
  32              		.loc 1 16 5
  33              		.loc 1 16 18 is_stmt 0
  34 001c 13060000 		li	a2,0
  35 0020 93050000 		li	a1,0
  36 0024 130584FD 		addi	a0,s0,-40
  37 0028 97000000 		call	_Z13thread_createPP3TCBPFvPvES2_@plt
  37      E7800000 
  38              	.LVL1:
  17:src/main.cpp  ****     TCB::running=nit;
  39              		.loc 1 17 5 is_stmt 1
GAS LISTING /tmp/ccdCOy7N.s 			page 2


  40              		.loc 1 17 17 is_stmt 0
  41 0030 97070000 		la	a5,_ZN3TCB7runningE
  41      83B70700 
  42 0038 033784FD 		ld	a4,-40(s0)
  43 003c 23B0E700 		sd	a4,0(a5)
  18:src/main.cpp  ****     //prelazak u korisnicki rezim
  19:src/main.cpp  ****     changeUser();
  44              		.loc 1 19 5 is_stmt 1
  45              		.loc 1 19 15 is_stmt 0
  46 0040 97000000 		call	_Z10changeUserv@plt
  46      E7800000 
  47              	.LVL2:
  20:src/main.cpp  ****     userMain();
  48              		.loc 1 20 5 is_stmt 1
  49              		.loc 1 20 13 is_stmt 0
  50 0048 97000000 		call	_Z8userMainv@plt
  50      E7800000 
  51              	.LVL3:
  52              	.L3:
  21:src/main.cpp  ****     while(Scheduler::get()){
  53              		.loc 1 21 5 is_stmt 1
  54              		.loc 1 21 26
  55              		.loc 1 21 25 is_stmt 0
  56 0050 97000000 		call	_ZN9Scheduler3getEv@plt
  56      E7800000 
  57              	.LVL4:
  58              		.loc 1 21 26
  59 0058 63080500 		beqz	a0,.L2
  22:src/main.cpp  ****         thread_dispatch();
  60              		.loc 1 22 9 is_stmt 1
  61              		.loc 1 22 24 is_stmt 0
  62 005c 97000000 		call	_Z15thread_dispatchv@plt
  62      E7800000 
  63              	.LVL5:
  64              	.LEHE0:
  65 0064 6FF0DFFE 		j	.L3
  66              	.L2:
  23:src/main.cpp  ****     }
  24:src/main.cpp  **** 
  25:src/main.cpp  ****     delete nit;
  67              		.loc 1 25 5 is_stmt 1
  68              		.loc 1 25 12 is_stmt 0
  69 0068 833484FD 		ld	s1,-40(s0)
  70              		.loc 1 25 15
  71 006c 63820402 		beqz	s1,.L1
  72              	.LVL6:
  73              	.LBB5:
  74              	.LBB6:
  75              		.file 2 "src/../h/TCB.hpp"
   1:src/../h/TCB.hpp **** 
   2:src/../h/TCB.hpp **** #ifndef _Thread
   3:src/../h/TCB.hpp **** #define _Thread
   4:src/../h/TCB.hpp **** #include "../lib/hw.h"
   5:src/../h/TCB.hpp **** #include "MemoryAllocator.hpp"
   6:src/../h/TCB.hpp **** 
   7:src/../h/TCB.hpp **** 
   8:src/../h/TCB.hpp **** class TCB{
GAS LISTING /tmp/ccdCOy7N.s 			page 3


   9:src/../h/TCB.hpp **** public:
  10:src/../h/TCB.hpp ****     ~TCB(){
  11:src/../h/TCB.hpp ****         MemoryAllocator::getInstance()._mem_free(stack);
  76              		.loc 2 11 9 is_stmt 1
  77              		.loc 2 11 38 is_stmt 0
  78 0070 97000000 		call	_ZN15MemoryAllocator11getInstanceEv@plt
  78      E7800000 
  79              	.LVL7:
  80              		.loc 2 11 49
  81 0078 83B58400 		ld	a1,8(s1)
  82 007c 97000000 		call	_ZN15MemoryAllocator9_mem_freeEPv@plt
  82      E7800000 
  83              	.LVL8:
  84              	.LBE6:
  85              	.LBE5:
  86              		.loc 1 25 12
  87 0084 13850400 		mv	a0,s1
  88 0088 97000000 		call	_ZdlPv@plt
  88      E7800000 
  89              	.LVL9:
  90              	.L1:
  26:src/main.cpp  **** 
  27:src/main.cpp  **** 
  28:src/main.cpp  **** }
  91              		.loc 1 28 1
  92 0090 83308102 		ld	ra,40(sp)
  93              		.cfi_restore 1
  94 0094 03340102 		ld	s0,32(sp)
  95              		.cfi_restore 8
  96              		.cfi_def_cfa 2, 48
  97 0098 83348101 		ld	s1,24(sp)
  98              		.cfi_restore 9
  99 009c 13010103 		addi	sp,sp,48
 100              		.cfi_def_cfa_offset 0
 101 00a0 67800000 		jr	ra
 102              		.cfi_endproc
 103              	.LFE16:
 104              		.globl	__gxx_personality_v0
 105              		.section	.gcc_except_table,"a",@progbits
 106              	.LLSDA16:
 107 0000 FF       		.byte	0xff
 108 0001 FF       		.byte	0xff
 109 0002 03       		.byte	0x3
 110 0003 0D       		.byte	0xd
 111 0004 00000000 		.4byte	.LEHB0-.LFB16
 112 0008 00000000 		.4byte	.LEHE0-.LEHB0
 113 000c 00000000 		.4byte	0
 114 0010 00       		.byte	0
 115              		.text
 117              	.Letext0:
 118              		.file 3 "src/../lib/hw.h"
 119              		.file 4 "src/../h/MemoryAllocator.hpp"
 120              		.file 5 "src/../h/Scheduler.hpp"
 121              		.file 6 "src/../h/syscall_c.h"
 1787              		.align	3
 1790              	DW.ref.__gxx_personality_v0:
 1791 0000 00000000 		.dword	__gxx_personality_v0
GAS LISTING /tmp/ccdCOy7N.s 			page 4


 1791      00000000 
 1792              		.ident	"GCC: (Ubuntu 9.4.0-1ubuntu1~20.04) 9.4.0"
 1793              		.section	.note.GNU-stack,"",@progbits
GAS LISTING /tmp/ccdCOy7N.s 			page 5


DEFINED SYMBOLS
                            *ABS*:0000000000000000 main.cpp
     /tmp/ccdCOy7N.s:9      .text:0000000000000000 main
     /tmp/ccdCOy7N.s:13     .text:0000000000000000 .L0 
     /tmp/ccdCOy7N.s:1790   .data.rel.local.DW.ref.__gxx_personality_v0:0000000000000000 DW.ref.__gxx_personality_v0
     /tmp/ccdCOy7N.s:16     .text:0000000000000000 .L0 
     /tmp/ccdCOy7N.s:17     .text:0000000000000004 .L0 
     /tmp/ccdCOy7N.s:21     .text:0000000000000010 .L0 
     /tmp/ccdCOy7N.s:22     .text:0000000000000010 .L0 
     /tmp/ccdCOy7N.s:23     .text:0000000000000010 .L0 
     /tmp/ccdCOy7N.s:25     .text:0000000000000014 .L0 
     /tmp/ccdCOy7N.s:28     .text:0000000000000014 .L0 
     /tmp/ccdCOy7N.s:29     .text:0000000000000014 .L0 
     /tmp/ccdCOy7N.s:32     .text:000000000000001c .L0 
     /tmp/ccdCOy7N.s:33     .text:000000000000001c .L0 
     /tmp/ccdCOy7N.s:34     .text:000000000000001c .L0 
     /tmp/ccdCOy7N.s:40     .text:0000000000000030 .L0 
     /tmp/ccdCOy7N.s:41     .text:0000000000000030 .L0 
     /tmp/ccdCOy7N.s:45     .text:0000000000000040 .L0 
     /tmp/ccdCOy7N.s:46     .text:0000000000000040 .L0 
     /tmp/ccdCOy7N.s:49     .text:0000000000000048 .L0 
     /tmp/ccdCOy7N.s:50     .text:0000000000000048 .L0 
     /tmp/ccdCOy7N.s:54     .text:0000000000000050 .L0 
     /tmp/ccdCOy7N.s:55     .text:0000000000000050 .L0 
     /tmp/ccdCOy7N.s:56     .text:0000000000000050 .L0 
     /tmp/ccdCOy7N.s:59     .text:0000000000000058 .L0 
     /tmp/ccdCOy7N.s:61     .text:000000000000005c .L0 
     /tmp/ccdCOy7N.s:62     .text:000000000000005c .L0 
     /tmp/ccdCOy7N.s:68     .text:0000000000000068 .L0 
     /tmp/ccdCOy7N.s:69     .text:0000000000000068 .L0 
     /tmp/ccdCOy7N.s:71     .text:000000000000006c .L0 
     /tmp/ccdCOy7N.s:77     .text:0000000000000070 .L0 
     /tmp/ccdCOy7N.s:78     .text:0000000000000070 .L0 
     /tmp/ccdCOy7N.s:81     .text:0000000000000078 .L0 
     /tmp/ccdCOy7N.s:87     .text:0000000000000084 .L0 
     /tmp/ccdCOy7N.s:92     .text:0000000000000090 .L0 
     /tmp/ccdCOy7N.s:93     .text:0000000000000094 .L0 
     /tmp/ccdCOy7N.s:95     .text:0000000000000098 .L0 
     /tmp/ccdCOy7N.s:96     .text:0000000000000098 .L0 
     /tmp/ccdCOy7N.s:98     .text:000000000000009c .L0 
     /tmp/ccdCOy7N.s:100    .text:00000000000000a0 .L0 
     /tmp/ccdCOy7N.s:102    .text:00000000000000a4 .L0 
     /tmp/ccdCOy7N.s:122    .text:00000000000000a4 .L0 
     /tmp/ccdCOy7N.s:41     .text:0000000000000030 .L0 
     /tmp/ccdCOy7N.s:66     .text:0000000000000068 .L2
     /tmp/ccdCOy7N.s:52     .text:0000000000000050 .L3
     /tmp/ccdCOy7N.s:90     .text:0000000000000090 .L1
     /tmp/ccdCOy7N.s:27     .text:0000000000000014 .LEHB0
     /tmp/ccdCOy7N.s:10     .text:0000000000000000 .LFB16
     /tmp/ccdCOy7N.s:64     .text:0000000000000064 .LEHE0
     /tmp/ccdCOy7N.s:804    .debug_abbrev:0000000000000000 .Ldebug_abbrev0
     /tmp/ccdCOy7N.s:1762   .debug_str:000000000000044d .LASF72
     /tmp/ccdCOy7N.s:1686   .debug_str:0000000000000272 .LASF73
     /tmp/ccdCOy7N.s:1650   .debug_str:000000000000012c .LASF74
     /tmp/ccdCOy7N.s:5      .text:0000000000000000 .Ltext0
     /tmp/ccdCOy7N.s:117    .text:00000000000000a4 .Letext0
     /tmp/ccdCOy7N.s:1612   .debug_line:0000000000000000 .Ldebug_line0
GAS LISTING /tmp/ccdCOy7N.s 			page 6


     /tmp/ccdCOy7N.s:1712   .debug_str:0000000000000307 .LASF0
     /tmp/ccdCOy7N.s:1720   .debug_str:000000000000032b .LASF1
     /tmp/ccdCOy7N.s:1700   .debug_str:00000000000002ba .LASF2
     /tmp/ccdCOy7N.s:1676   .debug_str:0000000000000248 .LASF4
     /tmp/ccdCOy7N.s:1754   .debug_str:0000000000000421 .LASF3
     /tmp/ccdCOy7N.s:1624   .debug_str:000000000000006a .LASF5
     /tmp/ccdCOy7N.s:1724   .debug_str:000000000000035f .LASF6
     /tmp/ccdCOy7N.s:1710   .debug_str:00000000000002f4 .LASF7
     /tmp/ccdCOy7N.s:1768   .debug_str:000000000000052c .LASF8
     /tmp/ccdCOy7N.s:1668   .debug_str:00000000000001e2 .LASF9
     /tmp/ccdCOy7N.s:1736   .debug_str:00000000000003c0 .LASF10
     /tmp/ccdCOy7N.s:1766   .debug_str:000000000000051d .LASF11
     /tmp/ccdCOy7N.s:1626   .debug_str:0000000000000071 .LASF12
     /tmp/ccdCOy7N.s:1616   .debug_str:0000000000000008 .LASF13
     /tmp/ccdCOy7N.s:1630   .debug_str:0000000000000099 .LASF14
     /tmp/ccdCOy7N.s:1750   .debug_str:0000000000000405 .LASF15
     /tmp/ccdCOy7N.s:1636   .debug_str:00000000000000d7 .LASF16
     /tmp/ccdCOy7N.s:1656   .debug_str:0000000000000167 .LASF26
     /tmp/ccdCOy7N.s:1782   .debug_str:0000000000000583 .LASF17
     /tmp/ccdCOy7N.s:1776   .debug_str:0000000000000566 .LASF18
     /tmp/ccdCOy7N.s:1760   .debug_str:0000000000000448 .LASF19
     /tmp/ccdCOy7N.s:1694   .debug_str:000000000000029c .LASF25
     /tmp/ccdCOy7N.s:1640   .debug_str:00000000000000fb .LASF20
     /tmp/ccdCOy7N.s:1648   .debug_str:0000000000000122 .LASF36
     /tmp/ccdCOy7N.s:1730   .debug_str:0000000000000388 .LASF38
     /tmp/ccdCOy7N.s:1708   .debug_str:00000000000002e9 .LASF21
     /tmp/ccdCOy7N.s:1662   .debug_str:0000000000000194 .LASF23
     /tmp/ccdCOy7N.s:1692   .debug_str:0000000000000292 .LASF22
     /tmp/ccdCOy7N.s:1632   .debug_str:00000000000000a5 .LASF24
     /tmp/ccdCOy7N.s:1764   .debug_str:0000000000000511 .LASF58
     /tmp/ccdCOy7N.s:1622   .debug_str:0000000000000046 .LASF75
     /tmp/ccdCOy7N.s:1618   .debug_str:0000000000000018 .LASF27
     /tmp/ccdCOy7N.s:1644   .debug_str:0000000000000114 .LASF30
     /tmp/ccdCOy7N.s:1744   .debug_str:00000000000003ef .LASF32
     /tmp/ccdCOy7N.s:1726   .debug_str:0000000000000372 .LASF28
     /tmp/ccdCOy7N.s:1666   .debug_str:00000000000001cb .LASF29
     /tmp/ccdCOy7N.s:1702   .debug_str:00000000000002c8 .LASF31
     /tmp/ccdCOy7N.s:1672   .debug_str:0000000000000209 .LASF33
     /tmp/ccdCOy7N.s:1684   .debug_str:0000000000000265 .LASF34
     /tmp/ccdCOy7N.s:1620   .debug_str:0000000000000020 .LASF35
     /tmp/ccdCOy7N.s:1746   .debug_str:00000000000003fb .LASF76
     /tmp/ccdCOy7N.s:1752   .debug_str:000000000000041b .LASF77
     /tmp/ccdCOy7N.s:1706   .debug_str:00000000000002d9 .LASF78
     /tmp/ccdCOy7N.s:1756   .debug_str:0000000000000433 .LASF37
     /tmp/ccdCOy7N.s:1740   .debug_str:00000000000003d9 .LASF39
     /tmp/ccdCOy7N.s:1718   .debug_str:0000000000000323 .LASF79
     /tmp/ccdCOy7N.s:1680   .debug_str:0000000000000258 .LASF40
     /tmp/ccdCOy7N.s:1716   .debug_str:000000000000031d .LASF41
     /tmp/ccdCOy7N.s:1682   .debug_str:000000000000025d .LASF42
     /tmp/ccdCOy7N.s:1678   .debug_str:000000000000024f .LASF43
     /tmp/ccdCOy7N.s:1698   .debug_str:00000000000002b3 .LASF44
     /tmp/ccdCOy7N.s:1614   .debug_str:0000000000000000 .LASF45
     /tmp/ccdCOy7N.s:1688   .debug_str:000000000000027f .LASF46
     /tmp/ccdCOy7N.s:1670   .debug_str:00000000000001f0 .LASF48
     /tmp/ccdCOy7N.s:1770   .debug_str:000000000000053c .LASF53
     /tmp/ccdCOy7N.s:1674   .debug_str:0000000000000220 .LASF54
     /tmp/ccdCOy7N.s:1714   .debug_str:0000000000000314 .LASF47
GAS LISTING /tmp/ccdCOy7N.s 			page 7


     /tmp/ccdCOy7N.s:1652   .debug_str:000000000000014f .LASF49
     /tmp/ccdCOy7N.s:1654   .debug_str:0000000000000162 .LASF50
     /tmp/ccdCOy7N.s:1690   .debug_str:000000000000028d .LASF51
     /tmp/ccdCOy7N.s:1748   .debug_str:0000000000000400 .LASF52
     /tmp/ccdCOy7N.s:1664   .debug_str:00000000000001b7 .LASF55
     /tmp/ccdCOy7N.s:1734   .debug_str:00000000000003b6 .LASF56
     /tmp/ccdCOy7N.s:1704   .debug_str:00000000000002d4 .LASF57
     /tmp/ccdCOy7N.s:1642   .debug_str:0000000000000100 .LASF80
     /tmp/ccdCOy7N.s:1628   .debug_str:0000000000000081 .LASF81
     /tmp/ccdCOy7N.s:1732   .debug_str:00000000000003b1 .LASF59
     /tmp/ccdCOy7N.s:103    .text:00000000000000a4 .LFE16
     /tmp/ccdCOy7N.s:73     .text:0000000000000070 .LBB5
     /tmp/ccdCOy7N.s:85     .text:0000000000000084 .LBE5
     /tmp/ccdCOy7N.s:1592   .debug_loc:0000000000000000 .LLST0
     /tmp/ccdCOy7N.s:79     .text:0000000000000078 .LVL7
     /tmp/ccdCOy7N.s:83     .text:0000000000000084 .LVL8
     /tmp/ccdCOy7N.s:30     .text:000000000000001c .LVL0
     /tmp/ccdCOy7N.s:38     .text:0000000000000030 .LVL1
     /tmp/ccdCOy7N.s:47     .text:0000000000000048 .LVL2
     /tmp/ccdCOy7N.s:51     .text:0000000000000050 .LVL3
     /tmp/ccdCOy7N.s:57     .text:0000000000000058 .LVL4
     /tmp/ccdCOy7N.s:63     .text:0000000000000064 .LVL5
     /tmp/ccdCOy7N.s:89     .text:0000000000000090 .LVL9
     /tmp/ccdCOy7N.s:1742   .debug_str:00000000000003ea .LASF60
     /tmp/ccdCOy7N.s:1738   .debug_str:00000000000003cf .LASF61
     /tmp/ccdCOy7N.s:1774   .debug_str:000000000000055a .LASF82
     /tmp/ccdCOy7N.s:1660   .debug_str:0000000000000184 .LASF62
     /tmp/ccdCOy7N.s:1728   .debug_str:000000000000037d .LASF64
     /tmp/ccdCOy7N.s:1722   .debug_str:000000000000033e .LASF63
     /tmp/ccdCOy7N.s:1638   .debug_str:00000000000000ed .LASF65
     /tmp/ccdCOy7N.s:1772   .debug_str:000000000000054a .LASF66
     /tmp/ccdCOy7N.s:1778   .debug_str:000000000000056b .LASF67
     /tmp/ccdCOy7N.s:1780   .debug_str:0000000000000576 .LASF68
     /tmp/ccdCOy7N.s:1646   .debug_str:0000000000000119 .LASF69
     /tmp/ccdCOy7N.s:1658   .debug_str:000000000000016f .LASF70
     /tmp/ccdCOy7N.s:1634   .debug_str:00000000000000c7 .LASF71
     /tmp/ccdCOy7N.s:1696   .debug_str:00000000000002ac .LASF83
     /tmp/ccdCOy7N.s:1758   .debug_str:0000000000000438 .LASF84
     /tmp/ccdCOy7N.s:72     .text:0000000000000070 .LVL6
     /tmp/ccdCOy7N.s:123    .debug_info:0000000000000000 .Ldebug_info0
     /tmp/ccdCOy7N.s:106    .gcc_except_table:0000000000000000 .LLSDA16

UNDEFINED SYMBOLS
_Z10vectorModev
_Z13thread_createPP3TCBPFvPvES2_
_ZN3TCB7runningE
_Z10changeUserv
_Z8userMainv
_ZN9Scheduler3getEv
_Z15thread_dispatchv
_ZN15MemoryAllocator11getInstanceEv
_ZN15MemoryAllocator9_mem_freeEPv
_ZdlPv
__gxx_personality_v0
